# JRE version: OpenJDK Runtime Environment (7.0_91-b02) (build 1.7.0_91-b02)
# Java VM: OpenJDK 64-Bit Server VM (24.91-b01 mixed mode linux-amd64 compressed oops)
Heap
 PSYoungGen      total 97280K, used 5118K [0x00000000eaa80000, 0x00000000f0e80000, 0x0000000100000000)
  eden space 92160K, 0% used [0x00000000eaa80000,0x00000000eaa80000,0x00000000f0480000)
  from space 5120K, 99% used [0x00000000f0480000,0x00000000f097f978,0x00000000f0980000)
  to   space 4608K, 0% used [0x00000000f0a00000,0x00000000f0a00000,0x00000000f0e80000)
 ParOldGen       total 117760K, used 49025K [0x00000000c0000000, 0x00000000c7300000, 0x00000000eaa80000)
  object space 117760K, 41% used [0x00000000c0000000,0x00000000c2fe05c0,0x00000000c7300000)
 PSPermGen       total 21504K, used 4968K [0x00000000b5a00000, 0x00000000b6f00000, 0x00000000c0000000)
  object space 21504K, 23% used [0x00000000b5a00000,0x00000000b5eda238,0x00000000b6f00000)
GC Heap History (10 events):
Event: 0.580 GC heap after
Heap after GC invocations=1 (full 0):
 PSYoungGen      total 36352K, used 5107K [0x00000000eaa80000, 0x00000000ef180000, 0x0000000100000000)
  eden space 31232K, 0% used [0x00000000eaa80000,0x00000000eaa80000,0x00000000ec900000)
  from space 5120K, 99% used [0x00000000ec900000,0x00000000ecdfcef0,0x00000000ece00000)
  to   space 5120K, 0% used [0x00000000eec80000,0x00000000eec80000,0x00000000ef180000)
 ParOldGen       total 81920K, used 3419K [0x00000000c0000000, 0x00000000c5000000, 0x00000000eaa80000)
  object space 81920K, 4% used [0x00000000c0000000,0x00000000c0356d78,0x00000000c5000000)
 PSPermGen       total 21504K, used 3913K [0x00000000b5a00000, 0x00000000b6f00000, 0x00000000c0000000)
  object space 21504K, 18% used [0x00000000b5a00000,0x00000000b5dd2490,0x00000000b6f00000)
}
Event: 1.265 GC heap before
{Heap before GC invocations=2 (full 0):
 PSYoungGen      total 36352K, used 36339K [0x00000000eaa80000, 0x00000000ef180000, 0x0000000100000000)
  eden space 31232K, 100% used [0x00000000eaa80000,0x00000000ec900000,0x00000000ec900000)
  from space 5120K, 99% used [0x00000000ec900000,0x00000000ecdfcef0,0x00000000ece00000)
  to   space 5120K, 0% used [0x00000000eec80000,0x00000000eec80000,0x00000000ef180000)
 ParOldGen       total 81920K, used 3419K [0x00000000c0000000, 0x00000000c5000000, 0x00000000eaa80000)
  object space 81920K, 4% used [0x00000000c0000000,0x00000000c0356d78,0x00000000c5000000)
 PSPermGen       total 21504K, used 4197K [0x00000000b5a00000, 0x00000000b6f00000, 0x00000000c0000000)
  object space 21504K, 19% used [0x00000000b5a00000,0x00000000b5e196f0,0x00000000b6f00000)
Event: 1.301 GC heap after
Heap after GC invocations=2 (full 0):
 PSYoungGen      total 67584K, used 5113K [0x00000000eaa80000, 0x00000000ef180000, 0x0000000100000000)
  eden space 62464K, 0% used [0x00000000eaa80000,0x00000000eaa80000,0x00000000ee780000)
  from space 5120K, 99% used [0x00000000eec80000,0x00000000ef17e628,0x00000000ef180000)
  to   space 5120K, 0% used [0x00000000ee780000,0x00000000ee780000,0x00000000eec80000)
 ParOldGen       total 81920K, used 45231K [0x00000000c0000000, 0x00000000c5000000, 0x00000000eaa80000)
  object space 81920K, 55% used [0x00000000c0000000,0x00000000c2c2bd88,0x00000000c5000000)
 PSPermGen       total 21504K, used 4197K [0x00000000b5a00000, 0x00000000b6f00000, 0x00000000c0000000)
  object space 21504K, 19% used [0x00000000b5a00000,0x00000000b5e196f0,0x00000000b6f00000)
}
Event: 1.301 GC heap before
{Heap before GC invocations=3 (full 1):
 PSYoungGen      total 67584K, used 5113K [0x00000000eaa80000, 0x00000000ef180000, 0x0000000100000000)
  eden space 62464K, 0% used [0x00000000eaa80000,0x00000000eaa80000,0x00000000ee780000)
  from space 5120K, 99% used [0x00000000eec80000,0x00000000ef17e628,0x00000000ef180000)
  to   space 5120K, 0% used [0x00000000ee780000,0x00000000ee780000,0x00000000eec80000)
 ParOldGen       total 81920K, used 45231K [0x00000000c0000000, 0x00000000c5000000, 0x00000000eaa80000)
  object space 81920K, 55% used [0x00000000c0000000,0x00000000c2c2bd88,0x00000000c5000000)
 PSPermGen       total 21504K, used 4197K [0x00000000b5a00000, 0x00000000b6f00000, 0x00000000c0000000)
  object space 21504K, 19% used [0x00000000b5a00000,0x00000000b5e196f0,0x00000000b6f00000)
Event: 1.354 GC heap after
Heap after GC invocations=3 (full 1):
 PSYoungGen      total 67584K, used 0K [0x00000000eaa80000, 0x00000000ef180000, 0x0000000100000000)
  eden space 62464K, 0% used [0x00000000eaa80000,0x00000000eaa80000,0x00000000ee780000)
  from space 5120K, 0% used [0x00000000eec80000,0x00000000eec80000,0x00000000ef180000)
  to   space 5120K, 0% used [0x00000000ee780000,0x00000000ee780000,0x00000000eec80000)
 ParOldGen       total 117760K, used 18342K [0x00000000c0000000, 0x00000000c7300000, 0x00000000eaa80000)
  object space 117760K, 15% used [0x00000000c0000000,0x00000000c11e9a18,0x00000000c7300000)
 PSPermGen       total 21504K, used 4196K [0x00000000b5a00000, 0x00000000b6f00000, 0x00000000c0000000)
  object space 21504K, 19% used [0x00000000b5a00000,0x00000000b5e19250,0x00000000b6f00000)
}
Event: 3.361 GC heap before
{Heap before GC invocations=4 (full 1):
 PSYoungGen      total 67584K, used 62464K [0x00000000eaa80000, 0x00000000ef180000, 0x0000000100000000)
  eden space 62464K, 100% used [0x00000000eaa80000,0x00000000ee780000,0x00000000ee780000)
  from space 5120K, 0% used [0x00000000eec80000,0x00000000eec80000,0x00000000ef180000)
  to   space 5120K, 0% used [0x00000000ee780000,0x00000000ee780000,0x00000000eec80000)
 ParOldGen       total 117760K, used 18342K [0x00000000c0000000, 0x00000000c7300000, 0x00000000eaa80000)
  object space 117760K, 15% used [0x00000000c0000000,0x00000000c11e9a18,0x00000000c7300000)
 PSPermGen       total 21504K, used 4681K [0x00000000b5a00000, 0x00000000b6f00000, 0x00000000c0000000)
  object space 21504K, 21% used [0x00000000b5a00000,0x00000000b5e92400,0x00000000b6f00000)
Event: 3.436 GC heap after
Heap after GC invocations=4 (full 1):
 PSYoungGen      total 67584K, used 4126K [0x00000000eaa80000, 0x00000000f0f00000, 0x0000000100000000)
  eden space 62464K, 0% used [0x00000000eaa80000,0x00000000eaa80000,0x00000000ee780000)
  from space 5120K, 80% used [0x00000000ee780000,0x00000000eeb87960,0x00000000eec80000)
  to   space 5120K, 0% used [0x00000000f0a00000,0x00000000f0a00000,0x00000000f0f00000)
 ParOldGen       total 117760K, used 18342K [0x00000000c0000000, 0x00000000c7300000, 0x00000000eaa80000)
  object space 117760K, 15% used [0x00000000c0000000,0x00000000c11e9a18,0x00000000c7300000)
 PSPermGen       total 21504K, used 4681K [0x00000000b5a00000, 0x00000000b6f00000, 0x00000000c0000000)
  object space 21504K, 21% used [0x00000000b5a00000,0x00000000b5e92400,0x00000000b6f00000)
}
Event: 3.955 GC heap before
{Heap before GC invocations=5 (full 1):
 PSYoungGen      total 67584K, used 66590K [0x00000000eaa80000, 0x00000000f0f00000, 0x0000000100000000)
  eden space 62464K, 100% used [0x00000000eaa80000,0x00000000ee780000,0x00000000ee780000)
  from space 5120K, 80% used [0x00000000ee780000,0x00000000eeb87960,0x00000000eec80000)
  to   space 5120K, 0% used [0x00000000f0a00000,0x00000000f0a00000,0x00000000f0f00000)
 ParOldGen       total 117760K, used 18342K [0x00000000c0000000, 0x00000000c7300000, 0x00000000eaa80000)
  object space 117760K, 15% used [0x00000000c0000000,0x00000000c11e9a18,0x00000000c7300000)
 PSPermGen       total 21504K, used 4703K [0x00000000b5a00000, 0x00000000b6f00000, 0x00000000c0000000)
  object space 21504K, 21% used [0x00000000b5a00000,0x00000000b5e97cf0,0x00000000b6f00000)
Event: 3.972 GC heap after
Heap after GC invocations=5 (full 1):
 PSYoungGen      total 96768K, used 4094K [0x00000000eaa80000, 0x00000000f0e80000, 0x0000000100000000)
  eden space 92160K, 0% used [0x00000000eaa80000,0x00000000eaa80000,0x00000000f0480000)
  from space 4608K, 88% used [0x00000000f0a00000,0x00000000f0dff978,0x00000000f0e80000)
  to   space 5120K, 0% used [0x00000000f0480000,0x00000000f0480000,0x00000000f0980000)
 ParOldGen       total 117760K, used 18598K [0x00000000c0000000, 0x00000000c7300000, 0x00000000eaa80000)
  object space 117760K, 15% used [0x00000000c0000000,0x00000000c1229a30,0x00000000c7300000)
 PSPermGen       total 21504K, used 4703K [0x00000000b5a00000, 0x00000000b6f00000, 0x00000000c0000000)
  object space 21504K, 21% used [0x00000000b5a00000,0x00000000b5e97cf0,0x00000000b6f00000)
}
Event: 5.096 GC heap before
{Heap before GC invocations=6 (full 1):
 PSYoungGen      total 96768K, used 96254K [0x00000000eaa80000, 0x00000000f0e80000, 0x0000000100000000)
  eden space 92160K, 100% used [0x00000000eaa80000,0x00000000f0480000,0x00000000f0480000)
  from space 4608K, 88% used [0x00000000f0a00000,0x00000000f0dff978,0x00000000f0e80000)
  to   space 5120K, 0% used [0x00000000f0480000,0x00000000f0480000,0x00000000f0980000)
 ParOldGen       total 117760K, used 18598K [0x00000000c0000000, 0x00000000c7300000, 0x00000000eaa80000)
  object space 117760K, 15% used [0x00000000c0000000,0x00000000c1229a30,0x00000000c7300000)
 PSPermGen       total 21504K, used 4968K [0x00000000b5a00000, 0x00000000b6f00000, 0x00000000c0000000)
  object space 21504K, 23% used [0x00000000b5a00000,0x00000000b5eda238,0x00000000b6f00000)

